0 info it worked if it ends with ok
1 verbose cli [ 'node', '/usr/local/bin/npm', 'install', '-g', 'github-todos' ]
2 info using npm@1.4.28
3 info using node@v0.10.33
4 verbose cache add [ 'github-todos', null ]
5 verbose cache add name=undefined spec="github-todos" args=["github-todos",null]
6 verbose parsed url { protocol: null,
6 verbose parsed url   slashes: null,
6 verbose parsed url   auth: null,
6 verbose parsed url   host: null,
6 verbose parsed url   port: null,
6 verbose parsed url   hostname: null,
6 verbose parsed url   hash: null,
6 verbose parsed url   search: null,
6 verbose parsed url   query: null,
6 verbose parsed url   pathname: 'github-todos',
6 verbose parsed url   path: 'github-todos',
6 verbose parsed url   href: 'github-todos' }
7 silly lockFile a2e9b57e-github-todos github-todos
8 verbose lock github-todos /Users/jterraz/.npm/a2e9b57e-github-todos.lock
9 silly lockFile a2e9b57e-github-todos github-todos
10 silly lockFile a2e9b57e-github-todos github-todos
11 verbose addNamed [ 'github-todos', '' ]
12 verbose addNamed [ null, '*' ]
13 silly lockFile 9bc7bfd2-github-todos github-todos@
14 verbose lock github-todos@ /Users/jterraz/.npm/9bc7bfd2-github-todos.lock
15 silly addNameRange { name: 'github-todos', range: '*', hasData: false }
16 verbose request where is /github-todos
17 verbose request registry https://registry.npmjs.org/
18 verbose request id 2b18f7b74bf2453f
19 verbose url raw /github-todos
20 verbose url resolving [ 'https://registry.npmjs.org/', './github-todos' ]
21 verbose url resolved https://registry.npmjs.org/github-todos
22 verbose request where is https://registry.npmjs.org/github-todos
23 info trying registry request attempt 1 at 16:05:17
24 http GET https://registry.npmjs.org/github-todos
25 http 404 https://registry.npmjs.org/github-todos
26 verbose headers { date: 'Wed, 12 Nov 2014 15:05:18 GMT',
26 verbose headers   server: 'CouchDB/1.5.0 (Erlang OTP/R16B03)',
26 verbose headers   'content-type': 'application/json',
26 verbose headers   'cache-control': 'max-age=0',
26 verbose headers   'content-length': '52',
26 verbose headers   'accept-ranges': 'bytes',
26 verbose headers   via: '1.1 varnish',
26 verbose headers   'x-served-by': 'cache-fra1234-FRA',
26 verbose headers   'x-cache': 'MISS',
26 verbose headers   'x-cache-hits': '0',
26 verbose headers   'x-timer': 'S1415804717.530920,VS0,VE716',
26 verbose headers   'keep-alive': 'timeout=10, max=50',
26 verbose headers   connection: 'Keep-Alive' }
27 silly registry.get cb [ 404,
27 silly registry.get   { date: 'Wed, 12 Nov 2014 15:05:18 GMT',
27 silly registry.get     server: 'CouchDB/1.5.0 (Erlang OTP/R16B03)',
27 silly registry.get     'content-type': 'application/json',
27 silly registry.get     'cache-control': 'max-age=0',
27 silly registry.get     'content-length': '52',
27 silly registry.get     'accept-ranges': 'bytes',
27 silly registry.get     via: '1.1 varnish',
27 silly registry.get     'x-served-by': 'cache-fra1234-FRA',
27 silly registry.get     'x-cache': 'MISS',
27 silly registry.get     'x-cache-hits': '0',
27 silly registry.get     'x-timer': 'S1415804717.530920,VS0,VE716',
27 silly registry.get     'keep-alive': 'timeout=10, max=50',
27 silly registry.get     connection: 'Keep-Alive' } ]
28 silly lockFile 9bc7bfd2-github-todos github-todos@
29 silly lockFile 9bc7bfd2-github-todos github-todos@
30 error 404 404 Not Found: github-todos
30 error 404
30 error 404 'github-todos' is not in the npm registry.
30 error 404 You should bug the author to publish it
30 error 404
30 error 404 Note that you can also install from a
30 error 404 tarball, folder, or http url, or git url.
31 error System Darwin 13.3.0
32 error command "node" "/usr/local/bin/npm" "install" "-g" "github-todos"
33 error cwd /Volumes/Data/WORK/GIT/_Twenty_Eight/28_Setup
34 error node -v v0.10.33
35 error npm -v 1.4.28
36 error code E404
37 verbose exit [ 1, true ]
